<?xml version="1.0" encoding="UTF-8" standalone="no"?>
<!DOCTYPE log SYSTEM "logger.dtd">
<log>
<record>
  <date>2022-10-24T13:55:51.388-0300</date>
  <logger>MARIA EDUARDA BATISTA DE FARIAS</logger>
  <level>FINE</level>
  <message>File 121110641-MARIA EDUARDA BATISTA DE FARIAS.zip was received. It was sent by MARIA EDUARDA BATISTA DE FARIAS from IP 192.168.0.110 at 24-10-2022 13*55*51</message>
</record>
</log>
<?xml version="1.0" encoding="UTF-8" standalone="no"?>
<!DOCTYPE log SYSTEM "logger.dtd">
<log>
<record>
  <date>2022-10-24T18:52:06.904-0300</date>
  <logger>MARIA EDUARDA BATISTA DE FARIAS</logger>
  <level>FINE</level>
  <message>File 121110641-MARIA EDUARDA BATISTA DE FARIAS.zip was received. It was sent by MARIA EDUARDA BATISTA DE FARIAS from IP 192.168.0.110 at 24-10-2022 18*52*06</message>
</record>
</log>
<?xml version="1.0" encoding="UTF-8" standalone="no"?>
<!DOCTYPE log SYSTEM "logger.dtd">
<log>
<record>
  <date>2022-10-24T19:00:01.449-0300</date>
  <logger>MARIA EDUARDA BATISTA DE FARIAS</logger>
  <level>FINE</level>
  <message>File 121110641-MARIA EDUARDA BATISTA DE FARIAS.zip was received. It was sent by MARIA EDUARDA BATISTA DE FARIAS from IP 192.168.0.110 at 24-10-2022 19*00*01</message>
</record>
</log>
<?xml version="1.0" encoding="UTF-8" standalone="no"?>
<!DOCTYPE log SYSTEM "logger.dtd">
<log>
<record>
  <date>2022-10-24T22:12:18.697-0300</date>
  <logger>MARIA EDUARDA BATISTA DE FARIAS</logger>
  <level>FINE</level>
  <message>File 121110641-MARIA EDUARDA BATISTA DE FARIAS.zip was received. It was sent by MARIA EDUARDA BATISTA DE FARIAS from IP 192.168.0.110 at 24-10-2022 22*12*18</message>
</record>
</log>
<?xml version="1.0" encoding="UTF-8" standalone="no"?>
<!DOCTYPE log SYSTEM "logger.dtd">
<log>
<record>
  <date>2022-10-25T06:30:29.706-0300</date>
  <logger>MARIA EDUARDA BATISTA DE FARIAS</logger>
  <level>FINE</level>
  <message>File 121110641-MARIA EDUARDA BATISTA DE FARIAS.zip was received. It was sent by MARIA EDUARDA BATISTA DE FARIAS from IP 192.168.0.110 at 25-10-2022 06*30*29</message>
</record>
</log>
<?xml version="1.0" encoding="UTF-8" standalone="no"?>
<!DOCTYPE log SYSTEM "logger.dtd">
<log>
<record>
  <date>2022-10-27T19:29:12.631-0300</date>
  <logger>MARIA EDUARDA BATISTA DE FARIAS</logger>
  <level>FINE</level>
  <message>File 121110641-MARIA EDUARDA BATISTA DE FARIAS.zip was received. It was sent by MARIA EDUARDA BATISTA DE FARIAS from IP 192.168.0.110 at 27-10-2022 19*29*12</message>
</record>
